[2018-09-07 11:18:05.185] [mini] [Debug] [DB Executing (default): INSERT INTO course_version (id) VALUES (@id);]
[2018-09-07 11:20:32.2032] [mini] [Debug] [DB Executing (default): INSERT INTO course_version (id) VALUES (@id);]
[2018-09-07 11:21:02.212] [mini] [Debug] [DB Executing (default): INSERT INTO course_version (id) VALUES (@id);]
[2018-09-07 11:22:42.2242] [mini] [Debug] [DB Executing (default): INSERT INTO course_version (id) VALUES (@id);]
[2018-09-07 11:23:11.2311] [mini] [Debug] [DB Executing (default): INSERT INTO course_version (id) VALUES (1);]
[2018-09-07 11:23:29.2329] [mini] [Debug] [DB Executing (default): INSERT INTO course_version (id) VALUES (1);]
[2018-09-07 11:23:54.2354] [mini] [Debug] [DB Executing (default): INSERT INTO course_version (id) VALUES (1.1);]
[2018-09-07 11:24:10.2410] [mini] [Debug] [DB Executing (default): INSERT INTO course_version (id) VALUES (11);]
[2018-09-07 11:24:21.2421] [mini] [Debug] [DB Executing (default): INSERT INTO course_version (id) VALUES ('aaa');]
[2018-09-07 11:25:02.252] [mini] [Debug] [DB Executing (default): INSERT INTO course_version (id,c_id) VALUES ('2',@c_id);]
[2018-09-07 11:25:46.2546] [mini] [Debug] [DB Executing (default): INSERT INTO course_version (id,c_id) VALUES ('2',NULL);]
[2018-09-07 11:26:00.260] [mini] [Debug] [DB Executing (default): INSERT INTO course_version (id,c_id) VALUES ('3',NULL);]
[2018-09-07 11:26:20.2620] [mini] [Debug] [DB Executing (default): INSERT INTO course_version (id,c_id) VALUES ('3',NULL);]
[2018-09-07 11:26:55.2655] [mini] [Debug] [DB Executing (default): INSERT INTO course_version (id,c_id) VALUES ('3',NULL);]
[2018-09-07 11:27:38.2738] [mini] [Debug] [DB Executing (default): INSERT INTO course_version (id,c_id) VALUES ('3',NULL);]
[2018-09-07 11:28:03.283] [mini] [Debug] [DB Executing (default): INSERT INTO course_version (id,c_id) VALUES ('3','[1,2]');]
[2018-09-07 11:28:15.2815] [mini] [Debug] [DB Executing (default): INSERT INTO course_version (id,c_id) VALUES ('5','[1,2]');]
[2018-09-07 11:28:29.2829] [mini] [Debug] [DB Executing (default): INSERT INTO course_version (id,c_id) VALUES ('6','{"a":1}');]
[2018-09-07 11:31:10.3110] [mini] [Debug] [DB Executing (default): INSERT INTO course_version (id,c_id) VALUES ('6','{"a":1}');]
[2018-09-07 11:31:23.3123] [mini] [Debug] [DB Executing (default): INSERT INTO course_version (id,c_id) VALUES ('7','{"a":1}');]
